2024-10-21 12:34:11:INFO:*****Test_01_AdminLogin*****
2024-10-21 12:34:16:ERROR:Title mismatch! Expected: {expected_title}, but got: {actual_title}
2024-10-21 12:39:49:INFO:*****Test_01_AdminLogin*****
2024-10-21 12:40:04:INFO:Title matched successfully! Title: {actual_title}
2024-10-21 12:43:46:INFO:*****Test_01_AdminLogin*****
2024-10-21 12:43:56:INFO:Title matched successfully! Title: {actual_title}
2024-10-21 12:43:56:INFO:*****Test_02_Add_Material_started*****
2024-10-21 12:44:53:INFO:*****Test_01_AdminLogin*****
2024-10-21 12:45:02:INFO:Title matched successfully! Title: {actual_title}
2024-10-21 12:45:02:INFO:*****Test_02_Add_Material_started*****
2024-10-21 13:01:47:INFO:*****Test_01_AdminLogin*****
2024-10-21 13:01:58:INFO:Title matched successfully! Title: {actual_title}
2024-10-21 13:01:58:INFO:*****Test_02_Add_Material_started*****
2024-10-21 13:02:04:INFO:*****Test_03_Add_Vendor_started*****
2024-10-21 13:04:24:INFO:*****Test_01_AdminLogin*****
2024-10-21 13:04:34:INFO:Title matched successfully! Title: {actual_title}
2024-10-21 13:04:34:INFO:*****Test_02_Add_Material_started*****
2024-10-21 13:04:40:INFO:*****Test_03_Add_Vendor_started*****
2024-10-21 13:06:23:INFO:*****Test_01_AdminLogin*****
2024-10-21 13:06:33:INFO:Title matched successfully! Title: {actual_title}
2024-10-21 13:06:33:INFO:*****Test_02_Add_Material_started*****
2024-10-21 13:06:39:INFO:*****Test_03_Add_Vendor_started*****
2024-10-21 15:37:02:INFO:*****Test_01_AdminLogin*****
2024-10-21 15:37:13:INFO:Title matched successfully! Title: {actual_title}
2024-10-21 15:37:13:INFO:*****Test_02_Add_Material_started*****
2024-10-21 15:37:19:INFO:*****Test_03_Add_Vendor_started*****
2024-10-21 15:37:25:INFO:********Vendor Mapping Test Started***********
2024-10-21 15:40:21:INFO:*****Test_01_AdminLogin*****
2024-10-21 15:40:32:INFO:Title matched successfully! Title: {actual_title}
2024-10-21 15:40:32:INFO:*****Test_02_Add_Material_started*****
2024-10-21 15:40:38:INFO:*****Test_03_Add_Vendor_started*****
2024-10-21 15:40:44:INFO:********Vendor Mapping Test Started***********
2024-10-21 15:43:51:INFO:*****Test_01_AdminLogin*****
2024-10-21 15:44:01:INFO:Title matched successfully! Title: {actual_title}
2024-10-21 15:44:01:INFO:*****Test_02_Add_Material_started*****
2024-10-21 15:44:07:INFO:*****Test_03_Add_Vendor_started*****
2024-10-21 15:44:12:INFO:********Vendor Mapping Test Started***********
2024-10-21 15:46:58:INFO:*****Test_01_AdminLogin*****
2024-10-21 15:47:04:WARNING:Retrying (Retry(total=2, connect=None, read=None, redirect=None, status=None)) after connection broken by 'NewConnectionError('<urllib3.connection.HTTPConnection object at 0x00000194DD92FE30>: Failed to establish a new connection: [WinError 10061] No connection could be made because the target machine actively refused it')': /session/4449748bffba10e594f61ae7fb925e8b
2024-10-21 15:47:08:WARNING:Retrying (Retry(total=1, connect=None, read=None, redirect=None, status=None)) after connection broken by 'NewConnectionError('<urllib3.connection.HTTPConnection object at 0x00000194DDA8FB30>: Failed to establish a new connection: [WinError 10061] No connection could be made because the target machine actively refused it')': /session/4449748bffba10e594f61ae7fb925e8b
2024-10-21 15:47:12:WARNING:Retrying (Retry(total=0, connect=None, read=None, redirect=None, status=None)) after connection broken by 'NewConnectionError('<urllib3.connection.HTTPConnection object at 0x00000194DDA8D280>: Failed to establish a new connection: [WinError 10061] No connection could be made because the target machine actively refused it')': /session/4449748bffba10e594f61ae7fb925e8b
2024-10-21 16:02:28:INFO:*****Test_01_AdminLogin*****
2024-10-21 16:02:33:INFO:*****Test_02_Add_Material_started*****
2024-10-21 16:02:54:WARNING:Retrying (Retry(total=2, connect=None, read=None, redirect=None, status=None)) after connection broken by 'NewConnectionError('<urllib3.connection.HTTPConnection object at 0x00000167BD48AFF0>: Failed to establish a new connection: [WinError 10061] No connection could be made because the target machine actively refused it')': /session/fcc8c554e1cfb7f652a992b3d963c9c0
2024-10-21 16:02:58:WARNING:Retrying (Retry(total=1, connect=None, read=None, redirect=None, status=None)) after connection broken by 'NewConnectionError('<urllib3.connection.HTTPConnection object at 0x00000167BD48B590>: Failed to establish a new connection: [WinError 10061] No connection could be made because the target machine actively refused it')': /session/fcc8c554e1cfb7f652a992b3d963c9c0
2024-10-21 16:03:11:INFO:*****Test_01_AdminLogin*****
2024-10-21 16:03:21:INFO:Title matched successfully! Title: {actual_title}
2024-10-21 16:03:21:INFO:*****Test_02_Add_Material_started*****
2024-10-21 16:03:27:INFO:*****Test_03_Add_Vendor_started*****
2024-10-21 16:03:32:INFO:********Vendor Mapping Test Started***********
2024-10-21 16:03:39:INFO:********Audit Trail Test Started***********
2024-10-21 16:05:59:INFO:*****Test_01_AdminLogin*****
2024-10-21 16:06:09:INFO:Title matched successfully! Title: {actual_title}
2024-10-21 16:06:09:INFO:*****Test_02_Add_Material_started*****
2024-10-21 16:06:15:INFO:*****Test_03_Add_Vendor_started*****
2024-10-21 16:06:20:INFO:********Vendor Mapping Test Started***********
2024-10-21 16:06:30:INFO:********Audit Trail Test Started***********
2024-10-21 16:12:42:INFO:*****Test_01_AdminLogin*****
2024-10-21 16:12:53:INFO:Title matched successfully! Title: {actual_title}
2024-10-21 16:12:53:INFO:*****Test_02_Add_Material_started*****
2024-10-21 16:12:59:INFO:*****Test_03_Add_Vendor_started*****
2024-10-21 16:13:04:INFO:********Vendor Mapping Test Started***********
2024-10-21 16:13:14:INFO:********Audit Trail Test Started***********
2024-10-21 16:17:42:INFO:*****Test_01_AdminLogin*****
2024-10-21 16:17:52:INFO:Title matched successfully! Title: {actual_title}
2024-10-21 16:17:52:INFO:*****Test_02_Add_Material_started*****
2024-10-21 16:17:58:INFO:*****Test_03_Add_Vendor_started*****
2024-10-21 16:18:03:INFO:********Vendor Mapping Test Started***********
2024-10-21 16:18:14:INFO:********Audit Trail Test Started***********
2024-10-21 16:19:00:INFO:*****Test_01_AdminLogin*****
2024-10-21 16:19:06:INFO:*****Test_02_Add_Material_started*****
2024-10-21 16:19:06:INFO:*****Test_03_Add_Vendor_started*****
2024-10-21 16:19:06:INFO:********Vendor Mapping Test Started***********
2024-10-21 16:19:19:INFO:*****Test_01_AdminLogin*****
2024-10-21 16:19:29:INFO:Title matched successfully! Title: {actual_title}
2024-10-21 16:19:29:INFO:*****Test_02_Add_Material_started*****
2024-10-21 16:19:35:INFO:*****Test_03_Add_Vendor_started*****
2024-10-21 16:19:41:INFO:********Vendor Mapping Test Started***********
2024-10-21 16:19:51:INFO:********Audit Trail Test Started***********
2024-10-21 16:24:01:INFO:*****Test_01_AdminLogin*****
2024-10-21 16:24:11:INFO:Title matched successfully! Title: {actual_title}
2024-10-21 16:24:11:INFO:*****Test_02_Add_Material_started*****
2024-10-21 16:24:17:INFO:*****Test_03_Add_Vendor_started*****
2024-10-21 16:24:22:INFO:********Vendor Mapping Test Started***********
2024-10-21 16:24:32:INFO:********Audit Trail Test Started***********
2024-10-21 16:24:56:INFO:*****Test_01_AdminLogin*****
2024-10-21 16:25:09:INFO:Title matched successfully! Title: {actual_title}
2024-10-21 16:25:09:INFO:*****Test_02_Add_Material_started*****
2024-10-21 16:25:16:INFO:*****Test_03_Add_Vendor_started*****
2024-10-21 16:25:21:INFO:********Vendor Mapping Test Started***********
2024-10-21 16:25:31:INFO:********Audit Trail Test Started***********
2024-10-21 16:30:20:INFO:*****Test_01_AdminLogin*****
2024-10-21 16:30:25:INFO:*****Test_02_Add_Material_started*****
2024-10-21 16:30:25:INFO:*****Test_03_Add_Vendor_started*****
2024-10-21 16:30:25:INFO:********Vendor Mapping Test Started***********
2024-10-21 16:30:32:WARNING:Retrying (Retry(total=2, connect=None, read=None, redirect=None, status=None)) after connection broken by 'NewConnectionError('<urllib3.connection.HTTPConnection object at 0x000001FE864C8500>: Failed to establish a new connection: [WinError 10061] No connection could be made because the target machine actively refused it')': /session/425d6ffdf51ea5749955ee9b0604aea9
2024-10-21 16:30:36:WARNING:Retrying (Retry(total=1, connect=None, read=None, redirect=None, status=None)) after connection broken by 'NewConnectionError('<urllib3.connection.HTTPConnection object at 0x000001FE85791490>: Failed to establish a new connection: [WinError 10061] No connection could be made because the target machine actively refused it')': /session/425d6ffdf51ea5749955ee9b0604aea9
2024-10-21 16:30:40:WARNING:Retrying (Retry(total=0, connect=None, read=None, redirect=None, status=None)) after connection broken by 'NewConnectionError('<urllib3.connection.HTTPConnection object at 0x000001FE864CB6B0>: Failed to establish a new connection: [WinError 10061] No connection could be made because the target machine actively refused it')': /session/425d6ffdf51ea5749955ee9b0604aea9
2024-10-21 16:30:58:INFO:*****Test_01_AdminLogin*****
2024-10-21 16:31:03:INFO:*****Test_02_Add_Material_started*****
2024-10-21 16:31:15:INFO:*****Test_03_Add_Vendor_started*****
2024-10-21 16:31:21:INFO:********Vendor Mapping Test Started***********
2024-10-21 16:31:31:INFO:********Audit Trail Test Started***********
2024-10-21 16:37:47:INFO:*****Test_01_AdminLogin*****
2024-10-21 16:37:58:INFO:Title matched successfully! Title: {actual_title}
2024-10-21 16:37:58:INFO:*****Test_02_Add_Material_started*****
2024-10-21 16:38:04:INFO:*****Test_03_Add_Vendor_started*****
2024-10-21 16:38:09:INFO:********Vendor Mapping Test Started***********
2024-10-21 16:38:19:INFO:********Audit Trail Test Started***********
2024-10-21 16:40:54:INFO:*****Test_01_AdminLogin*****
2024-10-21 16:41:11:INFO:Title matched successfully! Title: {actual_title}
2024-10-21 16:41:11:INFO:*****Test_02_Add_Material_started*****
2024-10-21 16:41:18:INFO:*****Test_03_Add_Vendor_started*****
2024-10-21 16:41:23:INFO:********Vendor Mapping Test Started***********
2024-10-21 16:41:33:INFO:********Audit Trail Test Started***********
2024-10-21 16:45:46:INFO:*****Test_01_AdminLogin*****
2024-10-21 16:45:56:INFO:Title matched successfully! Title: {actual_title}
2024-10-21 16:45:56:INFO:******Empty material pop-up******
2024-10-21 16:46:02:INFO:*****Test_02_Add_Material_started*****
2024-10-21 16:46:27:INFO:*****Test_03_Add_Vendor_started*****
2024-10-21 16:46:28:INFO:********Vendor Mapping Test Started***********
2024-10-21 16:46:34:INFO:********Audit Trail Test Started***********
2024-10-21 16:48:24:INFO:*****Test_01_AdminLogin*****
2024-10-21 16:48:34:INFO:Title matched successfully! Title: {actual_title}
2024-10-21 16:48:34:INFO:******Empty material pop-up******
2024-10-21 16:48:40:INFO:*****Test_02_Add_Material_started*****
2024-10-21 16:49:05:INFO:*****Test_03_Add_Vendor_started*****
2024-10-21 16:49:06:INFO:********Vendor Mapping Test Started***********
2024-10-21 16:49:12:INFO:********Audit Trail Test Started***********
2024-10-21 16:50:00:INFO:*****Test_01_AdminLogin*****
2024-10-21 16:50:10:INFO:Title matched successfully! Title: {actual_title}
2024-10-21 16:50:10:INFO:******Empty material pop-up******
2024-10-21 16:50:15:INFO:*****Test_02_Add_Material_started*****
2024-10-21 16:50:39:INFO:*****Test_03_Add_Vendor_started*****
2024-10-21 16:50:40:INFO:********Vendor Mapping Test Started***********
2024-10-21 16:50:46:INFO:********Audit Trail Test Started***********
2024-10-21 17:34:56:INFO:*****Test_01_AdminLogin*****
2024-10-21 17:35:05:INFO:Title matched successfully! Title: {actual_title}
2024-10-21 17:35:05:INFO:******Empty material pop-up******
2024-10-21 17:35:10:INFO:*****Test_02_Add_Material_started*****
2024-10-21 17:35:15:INFO:*****Test_03_Add_Vendor_started*****
2024-10-21 17:35:19:INFO:********Vendor Mapping Test Started***********
2024-10-21 17:35:30:INFO:********Audit Trail Test Started***********
2024-10-21 22:30:05:INFO:*****Test_01_AdminLogin*****
2024-10-21 22:30:11:INFO:******Empty material pop-up******
2024-10-21 22:30:45:INFO:*****Test_02_Add_Material_started*****
2024-10-21 22:30:51:INFO:*****Test_03_Add_Vendor_started*****
2024-10-21 22:30:56:INFO:********Vendor Mapping Test Started***********
2024-10-21 22:31:06:INFO:********Audit Trail Test Started***********
2024-10-21 22:31:22:INFO:******Add equipment is started*********
2024-10-21 22:33:19:INFO:*****Test_01_AdminLogin*****
2024-10-21 22:33:37:INFO:Title matched successfully! Title: {actual_title}
2024-10-21 22:33:37:INFO:******Empty material pop-up******
2024-10-21 22:33:42:INFO:*****Test_02_Add_Material_started*****
2024-10-21 22:33:48:INFO:*****Test_03_Add_Vendor_started*****
2024-10-21 22:33:54:INFO:********Vendor Mapping Test Started***********
2024-10-21 22:34:04:INFO:********Audit Trail Test Started***********
2024-10-21 22:34:20:INFO:******Add equipment is started*********
2024-10-21 22:35:30:INFO:*****Test_01_AdminLogin*****
2024-10-21 22:35:35:INFO:******Empty material pop-up******
2024-10-21 22:35:58:INFO:*****Test_02_Add_Material_started*****
2024-10-21 22:36:05:WARNING:Retrying (Retry(total=2, connect=None, read=None, redirect=None, status=None)) after connection broken by 'NewConnectionError('<urllib3.connection.HTTPConnection object at 0x000001E1261EDC40>: Failed to establish a new connection: [WinError 10061] No connection could be made because the target machine actively refused it')': /session/ee3973396318e43cb72aa5db584f9656
2024-10-21 22:36:09:WARNING:Retrying (Retry(total=1, connect=None, read=None, redirect=None, status=None)) after connection broken by 'NewConnectionError('<urllib3.connection.HTTPConnection object at 0x000001E1261EDCA0>: Failed to establish a new connection: [WinError 10061] No connection could be made because the target machine actively refused it')': /session/ee3973396318e43cb72aa5db584f9656
2024-10-21 22:36:13:WARNING:Retrying (Retry(total=0, connect=None, read=None, redirect=None, status=None)) after connection broken by 'NewConnectionError('<urllib3.connection.HTTPConnection object at 0x000001E1261EF680>: Failed to establish a new connection: [WinError 10061] No connection could be made because the target machine actively refused it')': /session/ee3973396318e43cb72aa5db584f9656
